<?xml version="1.0" encoding="UTF-8"?>
<!-- Generated by org.testng.reporters.JUnitReportReporter -->
<testsuite hostname="LAPTOP-M6SVLR9D" name="Academy.Homepage" tests="2" failures="0" timestamp="15 Jul 2020 04:51:54 GMT" time="18.654" errors="0">
  <testcase name="basepageNavigation" time="3.204" classname="Academy.Homepage"/>
  <testcase name="basepageNavigation" time="15.450" classname="Academy.Homepage"/>
</testsuite> <!-- Academy.Homepage -->
